2019-十二月-19 11:57:30.390 DEBUG [main] o.l.l.g.ApplicationNetty - run .... . ... 0.0.0.0
2019-十二月-19 11:57:30.575 ERROR [pool-1-thread-1] o.l.l.g.j.SaveCharaTimes - online  : 0
2019-十二月-19 11:57:31.320 ERROR [main] o.l.l.g.g.GameCore - game init begin!
2019-十二月-19 11:57:31.468 ERROR [main] o.l.l.g.g.GameCore - game init over!
2019-十二月-19 11:57:40.576 ERROR [pool-1-thread-1] o.l.l.g.j.SaveCharaTimes - online  : 0
2019-十二月-19 11:57:50.578 ERROR [pool-1-thread-1] o.l.l.g.j.SaveCharaTimes - online  : 0
2019-十二月-19 11:58:00.579 ERROR [pool-1-thread-1] o.l.l.g.j.SaveCharaTimes - online  : 0
2019-十二月-19 11:58:10.581 ERROR [pool-1-thread-1] o.l.l.g.j.SaveCharaTimes - online  : 0
2019-十二月-19 11:58:20.585 ERROR [pool-1-thread-1] o.l.l.g.j.SaveCharaTimes - online  : 0
2019-十二月-19 11:58:26.627 ERROR [http-nio-81-exec-2] o.l.l.w.w.WdAuthController - 登陆的时候接收到的字符串：channelNo=110001&channelType=0&game=wd&key=bd1a832e638dc7d5c151eb6702f7a1c9&sid=73b361dd-c03d-4c06-bf63-4e48ef6c445b&timestamp=1576659569482&token=73b361dd-c03d-4c06-bf63-4e48ef6c445b&username=shitoutou&userpwd=&versionCode=201906040&versionName=2.039.0604
2019-十二月-19 11:58:30.586 ERROR [pool-1-thread-1] o.l.l.g.j.SaveCharaTimes - online  : 0
2019-十二月-19 11:58:40.586 ERROR [pool-1-thread-1] o.l.l.g.j.SaveCharaTimes - online  : 0
2019-十二月-19 11:58:50.588 ERROR [pool-1-thread-1] o.l.l.g.j.SaveCharaTimes - online  : 0
2019-十二月-19 11:59:00.590 ERROR [pool-1-thread-1] o.l.l.g.j.SaveCharaTimes - online  : 0
2019-十二月-19 11:59:10.591 ERROR [pool-1-thread-1] o.l.l.g.j.SaveCharaTimes - online  : 0
2019-十二月-19 11:59:20.593 ERROR [pool-1-thread-1] o.l.l.g.j.SaveCharaTimes - online  : 0
2019-十二月-19 11:59:30.595 ERROR [pool-1-thread-1] o.l.l.g.j.SaveCharaTimes - online  : 0
2019-十二月-19 11:59:40.597 ERROR [pool-1-thread-1] o.l.l.g.j.SaveCharaTimes - online  : 0
2019-十二月-19 11:59:50.598 ERROR [pool-1-thread-1] o.l.l.g.j.SaveCharaTimes - online  : 0
2019-十二月-19 12:00:00.599 ERROR [pool-1-thread-1] o.l.l.g.j.SaveCharaTimes - online  : 0
2019-十二月-19 12:00:10.602 ERROR [pool-1-thread-1] o.l.l.g.j.SaveCharaTimes - online  : 0
2019-十二月-19 12:00:20.603 ERROR [pool-1-thread-1] o.l.l.g.j.SaveCharaTimes - online  : 0
2019-十二月-19 12:00:30.605 ERROR [pool-1-thread-1] o.l.l.g.j.SaveCharaTimes - online  : 0
2019-十二月-19 12:00:40.607 ERROR [pool-1-thread-1] o.l.l.g.j.SaveCharaTimes - online  : 0
2019-十二月-19 12:00:50.608 ERROR [pool-1-thread-1] o.l.l.g.j.SaveCharaTimes - online  : 0
2019-十二月-19 12:01:00.610 ERROR [pool-1-thread-1] o.l.l.g.j.SaveCharaTimes - online  : 0
2019-十二月-19 12:01:10.612 ERROR [pool-1-thread-1] o.l.l.g.j.SaveCharaTimes - online  : 0
2019-十二月-19 12:01:20.613 ERROR [pool-1-thread-1] o.l.l.g.j.SaveCharaTimes - online  : 0
2019-十二月-19 12:01:30.615 ERROR [pool-1-thread-1] o.l.l.g.j.SaveCharaTimes - online  : 0
2019-十二月-19 12:01:40.617 ERROR [pool-1-thread-1] o.l.l.g.j.SaveCharaTimes - online  : 0
2019-十二月-19 12:01:50.619 ERROR [pool-1-thread-1] o.l.l.g.j.SaveCharaTimes - online  : 0
2019-十二月-19 12:02:00.620 ERROR [pool-1-thread-1] o.l.l.g.j.SaveCharaTimes - online  : 0
2019-十二月-19 12:02:10.621 ERROR [pool-1-thread-1] o.l.l.g.j.SaveCharaTimes - online  : 0
2019-十二月-19 12:02:20.623 ERROR [pool-1-thread-1] o.l.l.g.j.SaveCharaTimes - online  : 0
2019-十二月-19 12:02:30.625 ERROR [pool-1-thread-1] o.l.l.g.j.SaveCharaTimes - online  : 0
2019-十二月-19 12:02:40.627 ERROR [pool-1-thread-1] o.l.l.g.j.SaveCharaTimes - online  : 0
2019-十二月-19 12:02:50.629 ERROR [pool-1-thread-1] o.l.l.g.j.SaveCharaTimes - online  : 0
2019-十二月-19 12:03:00.631 ERROR [pool-1-thread-1] o.l.l.g.j.SaveCharaTimes - online  : 0
2019-十二月-19 12:03:10.633 ERROR [pool-1-thread-1] o.l.l.g.j.SaveCharaTimes - online  : 0
2019-十二月-19 12:03:20.633 ERROR [pool-1-thread-1] o.l.l.g.j.SaveCharaTimes - online  : 0
2019-十二月-19 12:03:30.635 ERROR [pool-1-thread-1] o.l.l.g.j.SaveCharaTimes - online  : 0
2019-十二月-19 12:03:40.637 ERROR [pool-1-thread-1] o.l.l.g.j.SaveCharaTimes - online  : 0
2019-十二月-19 12:03:50.639 ERROR [pool-1-thread-1] o.l.l.g.j.SaveCharaTimes - online  : 0
2019-十二月-19 12:04:00.641 ERROR [pool-1-thread-1] o.l.l.g.j.SaveCharaTimes - online  : 0
2019-十二月-19 12:04:10.643 ERROR [pool-1-thread-1] o.l.l.g.j.SaveCharaTimes - online  : 0
2019-十二月-19 12:04:20.644 ERROR [pool-1-thread-1] o.l.l.g.j.SaveCharaTimes - online  : 0
2019-十二月-19 12:04:30.646 ERROR [pool-1-thread-1] o.l.l.g.j.SaveCharaTimes - online  : 0
2019-十二月-19 12:04:40.648 ERROR [pool-1-thread-1] o.l.l.g.j.SaveCharaTimes - online  : 0
2019-十二月-19 12:04:50.649 ERROR [pool-1-thread-1] o.l.l.g.j.SaveCharaTimes - online  : 0
2019-十二月-19 12:05:00.651 ERROR [pool-1-thread-1] o.l.l.g.j.SaveCharaTimes - online  : 0
2019-十二月-19 12:05:10.652 ERROR [pool-1-thread-1] o.l.l.g.j.SaveCharaTimes - online  : 0
2019-十二月-19 12:05:20.653 ERROR [pool-1-thread-1] o.l.l.g.j.SaveCharaTimes - online  : 0
2019-十二月-19 12:05:30.655 ERROR [pool-1-thread-1] o.l.l.g.j.SaveCharaTimes - online  : 0
2019-十二月-19 12:05:40.655 ERROR [pool-1-thread-1] o.l.l.g.j.SaveCharaTimes - online  : 0
2019-十二月-19 12:05:50.655 ERROR [pool-1-thread-1] o.l.l.g.j.SaveCharaTimes - online  : 0
2019-十二月-19 12:06:00.657 ERROR [pool-1-thread-1] o.l.l.g.j.SaveCharaTimes - online  : 0
2019-十二月-19 12:06:10.658 ERROR [pool-1-thread-1] o.l.l.g.j.SaveCharaTimes - online  : 0
2019-十二月-19 12:06:20.658 ERROR [pool-1-thread-1] o.l.l.g.j.SaveCharaTimes - online  : 0
2019-十二月-19 12:06:30.660 ERROR [pool-1-thread-1] o.l.l.g.j.SaveCharaTimes - online  : 0
2019-十二月-19 12:06:40.661 ERROR [pool-1-thread-1] o.l.l.g.j.SaveCharaTimes - online  : 0
2019-十二月-19 12:06:50.663 ERROR [pool-1-thread-1] o.l.l.g.j.SaveCharaTimes - online  : 0
2019-十二月-19 12:07:00.665 ERROR [pool-1-thread-1] o.l.l.g.j.SaveCharaTimes - online  : 0
2019-十二月-19 12:07:10.667 ERROR [pool-1-thread-1] o.l.l.g.j.SaveCharaTimes - online  : 0
2019-十二月-19 12:07:20.669 ERROR [pool-1-thread-1] o.l.l.g.j.SaveCharaTimes - online  : 0
2019-十二月-19 12:07:30.670 ERROR [pool-1-thread-1] o.l.l.g.j.SaveCharaTimes - online  : 0
2019-十二月-19 12:07:40.672 ERROR [pool-1-thread-1] o.l.l.g.j.SaveCharaTimes - online  : 0
2019-十二月-19 12:07:50.674 ERROR [pool-1-thread-1] o.l.l.g.j.SaveCharaTimes - online  : 0
2019-十二月-19 12:08:00.676 ERROR [pool-1-thread-1] o.l.l.g.j.SaveCharaTimes - online  : 0
2019-十二月-19 12:08:10.676 ERROR [pool-1-thread-1] o.l.l.g.j.SaveCharaTimes - online  : 0
2019-十二月-19 12:08:20.678 ERROR [pool-1-thread-1] o.l.l.g.j.SaveCharaTimes - online  : 0
2019-十二月-19 12:08:30.678 ERROR [pool-1-thread-1] o.l.l.g.j.SaveCharaTimes - online  : 0
2019-十二月-19 12:08:40.680 ERROR [pool-1-thread-1] o.l.l.g.j.SaveCharaTimes - online  : 0
2019-十二月-19 12:08:50.680 ERROR [pool-1-thread-1] o.l.l.g.j.SaveCharaTimes - online  : 0
2019-十二月-19 12:09:00.682 ERROR [pool-1-thread-1] o.l.l.g.j.SaveCharaTimes - online  : 0
2019-十二月-19 12:09:10.684 ERROR [pool-1-thread-1] o.l.l.g.j.SaveCharaTimes - online  : 0
2019-十二月-19 12:09:20.685 ERROR [pool-1-thread-1] o.l.l.g.j.SaveCharaTimes - online  : 0
2019-十二月-19 12:09:30.686 ERROR [pool-1-thread-1] o.l.l.g.j.SaveCharaTimes - online  : 0
2019-十二月-19 12:09:40.688 ERROR [pool-1-thread-1] o.l.l.g.j.SaveCharaTimes - online  : 0
2019-十二月-19 12:09:50.690 ERROR [pool-1-thread-1] o.l.l.g.j.SaveCharaTimes - online  : 0
2019-十二月-19 12:10:00.693 ERROR [pool-1-thread-1] o.l.l.g.j.SaveCharaTimes - online  : 0
2019-十二月-19 12:10:10.694 ERROR [pool-1-thread-1] o.l.l.g.j.SaveCharaTimes - online  : 0
2019-十二月-19 12:10:20.695 ERROR [pool-1-thread-1] o.l.l.g.j.SaveCharaTimes - online  : 0
2019-十二月-19 12:10:30.696 ERROR [pool-1-thread-1] o.l.l.g.j.SaveCharaTimes - online  : 0
2019-十二月-19 12:10:40.697 ERROR [pool-1-thread-1] o.l.l.g.j.SaveCharaTimes - online  : 0
2019-十二月-19 12:10:50.699 ERROR [pool-1-thread-1] o.l.l.g.j.SaveCharaTimes - online  : 0
2019-十二月-19 12:11:00.700 ERROR [pool-1-thread-1] o.l.l.g.j.SaveCharaTimes - online  : 0
2019-十二月-19 12:11:10.702 ERROR [pool-1-thread-1] o.l.l.g.j.SaveCharaTimes - online  : 0
2019-十二月-19 12:11:20.704 ERROR [pool-1-thread-1] o.l.l.g.j.SaveCharaTimes - online  : 0
2019-十二月-19 12:11:30.706 ERROR [pool-1-thread-1] o.l.l.g.j.SaveCharaTimes - online  : 0
2019-十二月-19 12:11:40.707 ERROR [pool-1-thread-1] o.l.l.g.j.SaveCharaTimes - online  : 0
2019-十二月-19 12:11:50.709 ERROR [pool-1-thread-1] o.l.l.g.j.SaveCharaTimes - online  : 0
2019-十二月-19 12:12:00.711 ERROR [pool-1-thread-1] o.l.l.g.j.SaveCharaTimes - online  : 0
2019-十二月-19 12:12:10.712 ERROR [pool-1-thread-1] o.l.l.g.j.SaveCharaTimes - online  : 0
2019-十二月-19 12:12:20.714 ERROR [pool-1-thread-1] o.l.l.g.j.SaveCharaTimes - online  : 0
2019-十二月-19 12:12:30.717 ERROR [pool-1-thread-1] o.l.l.g.j.SaveCharaTimes - online  : 0
2019-十二月-19 12:12:40.719 ERROR [pool-1-thread-1] o.l.l.g.j.SaveCharaTimes - online  : 0
2019-十二月-19 12:12:50.720 ERROR [pool-1-thread-1] o.l.l.g.j.SaveCharaTimes - online  : 0
2019-十二月-19 12:13:00.722 ERROR [pool-1-thread-1] o.l.l.g.j.SaveCharaTimes - online  : 0
2019-十二月-19 12:13:10.723 ERROR [pool-1-thread-1] o.l.l.g.j.SaveCharaTimes - online  : 0
2019-十二月-19 12:13:20.725 ERROR [pool-1-thread-1] o.l.l.g.j.SaveCharaTimes - online  : 0
2019-十二月-19 12:13:30.727 ERROR [pool-1-thread-1] o.l.l.g.j.SaveCharaTimes - online  : 0
2019-十二月-19 12:13:40.728 ERROR [pool-1-thread-1] o.l.l.g.j.SaveCharaTimes - online  : 0
2019-十二月-19 12:13:50.729 ERROR [pool-1-thread-1] o.l.l.g.j.SaveCharaTimes - online  : 0
2019-十二月-19 12:14:00.730 ERROR [pool-1-thread-1] o.l.l.g.j.SaveCharaTimes - online  : 0
2019-十二月-19 12:14:10.731 ERROR [pool-1-thread-1] o.l.l.g.j.SaveCharaTimes - online  : 0
2019-十二月-19 12:14:20.732 ERROR [pool-1-thread-1] o.l.l.g.j.SaveCharaTimes - online  : 0
2019-十二月-19 12:14:30.733 ERROR [pool-1-thread-1] o.l.l.g.j.SaveCharaTimes - online  : 0
2019-十二月-19 12:14:40.735 ERROR [pool-1-thread-1] o.l.l.g.j.SaveCharaTimes - online  : 0
2019-十二月-19 12:14:50.736 ERROR [pool-1-thread-1] o.l.l.g.j.SaveCharaTimes - online  : 0
2019-十二月-19 12:15:00.738 ERROR [pool-1-thread-1] o.l.l.g.j.SaveCharaTimes - online  : 0
2019-十二月-19 12:15:10.740 ERROR [pool-1-thread-1] o.l.l.g.j.SaveCharaTimes - online  : 0
2019-十二月-19 12:15:20.741 ERROR [pool-1-thread-1] o.l.l.g.j.SaveCharaTimes - online  : 0
2019-十二月-19 12:15:30.742 ERROR [pool-1-thread-1] o.l.l.g.j.SaveCharaTimes - online  : 0
2019-十二月-19 12:15:40.743 ERROR [pool-1-thread-1] o.l.l.g.j.SaveCharaTimes - online  : 0
2019-十二月-19 12:15:50.744 ERROR [pool-1-thread-1] o.l.l.g.j.SaveCharaTimes - online  : 0
2019-十二月-19 12:16:00.745 ERROR [pool-1-thread-1] o.l.l.g.j.SaveCharaTimes - online  : 0
2019-十二月-19 12:16:10.748 ERROR [pool-1-thread-1] o.l.l.g.j.SaveCharaTimes - online  : 0
2019-十二月-19 12:16:20.749 ERROR [pool-1-thread-1] o.l.l.g.j.SaveCharaTimes - online  : 0
2019-十二月-19 12:16:30.749 ERROR [pool-1-thread-1] o.l.l.g.j.SaveCharaTimes - online  : 0
2019-十二月-19 12:16:40.750 ERROR [pool-1-thread-1] o.l.l.g.j.SaveCharaTimes - online  : 0
2019-十二月-19 12:16:50.751 ERROR [pool-1-thread-1] o.l.l.g.j.SaveCharaTimes - online  : 0
2019-十二月-19 12:17:00.752 ERROR [pool-1-thread-1] o.l.l.g.j.SaveCharaTimes - online  : 0
2019-十二月-19 12:17:10.754 ERROR [pool-1-thread-1] o.l.l.g.j.SaveCharaTimes - online  : 0
2019-十二月-19 12:17:20.754 ERROR [pool-1-thread-1] o.l.l.g.j.SaveCharaTimes - online  : 0
2019-十二月-19 12:17:30.755 ERROR [pool-1-thread-1] o.l.l.g.j.SaveCharaTimes - online  : 0
2019-十二月-19 12:17:40.757 ERROR [pool-1-thread-1] o.l.l.g.j.SaveCharaTimes - online  : 0
2019-十二月-19 12:17:50.759 ERROR [pool-1-thread-1] o.l.l.g.j.SaveCharaTimes - online  : 0
2019-十二月-19 12:18:00.761 ERROR [pool-1-thread-1] o.l.l.g.j.SaveCharaTimes - online  : 0
2019-十二月-19 12:18:10.763 ERROR [pool-1-thread-1] o.l.l.g.j.SaveCharaTimes - online  : 0
2019-十二月-19 12:18:20.764 ERROR [pool-1-thread-1] o.l.l.g.j.SaveCharaTimes - online  : 0
2019-十二月-19 12:18:30.765 ERROR [pool-1-thread-1] o.l.l.g.j.SaveCharaTimes - online  : 0
2019-十二月-19 12:18:40.766 ERROR [pool-1-thread-1] o.l.l.g.j.SaveCharaTimes - online  : 0
2019-十二月-19 12:18:50.767 ERROR [pool-1-thread-1] o.l.l.g.j.SaveCharaTimes - online  : 0
2019-十二月-19 12:19:00.768 ERROR [pool-1-thread-1] o.l.l.g.j.SaveCharaTimes - online  : 0
2019-十二月-19 12:19:10.770 ERROR [pool-1-thread-1] o.l.l.g.j.SaveCharaTimes - online  : 0
2019-十二月-19 12:19:20.772 ERROR [pool-1-thread-1] o.l.l.g.j.SaveCharaTimes - online  : 0
2019-十二月-19 12:19:30.772 ERROR [pool-1-thread-1] o.l.l.g.j.SaveCharaTimes - online  : 0
2019-十二月-19 12:19:40.774 ERROR [pool-1-thread-1] o.l.l.g.j.SaveCharaTimes - online  : 0
2019-十二月-19 12:19:50.774 ERROR [pool-1-thread-1] o.l.l.g.j.SaveCharaTimes - online  : 0
2019-十二月-19 12:20:00.776 ERROR [pool-1-thread-1] o.l.l.g.j.SaveCharaTimes - online  : 0
2019-十二月-19 12:20:10.778 ERROR [pool-1-thread-1] o.l.l.g.j.SaveCharaTimes - online  : 0
2019-十二月-19 12:20:20.779 ERROR [pool-1-thread-1] o.l.l.g.j.SaveCharaTimes - online  : 0
2019-十二月-19 12:20:30.780 ERROR [pool-1-thread-1] o.l.l.g.j.SaveCharaTimes - online  : 0
2019-十二月-19 12:20:40.780 ERROR [pool-1-thread-1] o.l.l.g.j.SaveCharaTimes - online  : 0
2019-十二月-19 12:20:50.781 ERROR [pool-1-thread-1] o.l.l.g.j.SaveCharaTimes - online  : 0
2019-十二月-19 12:21:00.782 ERROR [pool-1-thread-1] o.l.l.g.j.SaveCharaTimes - online  : 0
2019-十二月-19 12:21:10.783 ERROR [pool-1-thread-1] o.l.l.g.j.SaveCharaTimes - online  : 0
2019-十二月-19 12:21:20.785 ERROR [pool-1-thread-1] o.l.l.g.j.SaveCharaTimes - online  : 0
2019-十二月-19 12:21:30.786 ERROR [pool-1-thread-1] o.l.l.g.j.SaveCharaTimes - online  : 0
2019-十二月-19 12:21:40.788 ERROR [pool-1-thread-1] o.l.l.g.j.SaveCharaTimes - online  : 0
2019-十二月-19 12:21:50.789 ERROR [pool-1-thread-1] o.l.l.g.j.SaveCharaTimes - online  : 0
2019-十二月-19 12:22:00.790 ERROR [pool-1-thread-1] o.l.l.g.j.SaveCharaTimes - online  : 0
2019-十二月-19 12:22:10.792 ERROR [pool-1-thread-1] o.l.l.g.j.SaveCharaTimes - online  : 0
2019-十二月-19 12:22:20.792 ERROR [pool-1-thread-1] o.l.l.g.j.SaveCharaTimes - online  : 0
2019-十二月-19 12:22:30.793 ERROR [pool-1-thread-1] o.l.l.g.j.SaveCharaTimes - online  : 0
2019-十二月-19 12:22:40.794 ERROR [pool-1-thread-1] o.l.l.g.j.SaveCharaTimes - online  : 0
2019-十二月-19 12:22:50.795 ERROR [pool-1-thread-1] o.l.l.g.j.SaveCharaTimes - online  : 0
2019-十二月-19 12:23:00.798 ERROR [pool-1-thread-1] o.l.l.g.j.SaveCharaTimes - online  : 0
2019-十二月-19 12:23:10.800 ERROR [pool-1-thread-1] o.l.l.g.j.SaveCharaTimes - online  : 0
2019-十二月-19 12:23:20.802 ERROR [pool-1-thread-1] o.l.l.g.j.SaveCharaTimes - online  : 0
2019-十二月-19 12:23:30.803 ERROR [pool-1-thread-1] o.l.l.g.j.SaveCharaTimes - online  : 0
2019-十二月-19 12:23:40.805 ERROR [pool-1-thread-1] o.l.l.g.j.SaveCharaTimes - online  : 0
2019-十二月-19 12:23:50.807 ERROR [pool-1-thread-1] o.l.l.g.j.SaveCharaTimes - online  : 0
2019-十二月-19 12:24:00.809 ERROR [pool-1-thread-1] o.l.l.g.j.SaveCharaTimes - online  : 0
2019-十二月-19 12:24:10.810 ERROR [pool-1-thread-1] o.l.l.g.j.SaveCharaTimes - online  : 0
2019-十二月-19 12:24:20.812 ERROR [pool-1-thread-1] o.l.l.g.j.SaveCharaTimes - online  : 0
2019-十二月-19 12:24:30.814 ERROR [pool-1-thread-1] o.l.l.g.j.SaveCharaTimes - online  : 0
2019-十二月-19 12:24:40.814 ERROR [pool-1-thread-1] o.l.l.g.j.SaveCharaTimes - online  : 0
2019-十二月-19 12:24:50.816 ERROR [pool-1-thread-1] o.l.l.g.j.SaveCharaTimes - online  : 0
2019-十二月-19 12:25:00.818 ERROR [pool-1-thread-1] o.l.l.g.j.SaveCharaTimes - online  : 0
2019-十二月-19 12:25:10.819 ERROR [pool-1-thread-1] o.l.l.g.j.SaveCharaTimes - online  : 0
2019-十二月-19 12:25:20.821 ERROR [pool-1-thread-1] o.l.l.g.j.SaveCharaTimes - online  : 0
2019-十二月-19 12:25:30.823 ERROR [pool-1-thread-1] o.l.l.g.j.SaveCharaTimes - online  : 0
2019-十二月-19 12:25:40.823 ERROR [pool-1-thread-1] o.l.l.g.j.SaveCharaTimes - online  : 0
2019-十二月-19 12:25:50.825 ERROR [pool-1-thread-1] o.l.l.g.j.SaveCharaTimes - online  : 0
2019-十二月-19 12:26:00.826 ERROR [pool-1-thread-1] o.l.l.g.j.SaveCharaTimes - online  : 0
2019-十二月-19 12:26:10.828 ERROR [pool-1-thread-1] o.l.l.g.j.SaveCharaTimes - online  : 0
2019-十二月-19 12:26:30.139 DEBUG [main] o.l.l.g.ApplicationNetty - run .... . ... 0.0.0.0
2019-十二月-19 12:26:30.387 ERROR [pool-1-thread-1] o.l.l.g.j.SaveCharaTimes - online  : 0
2019-十二月-19 12:26:31.039 ERROR [main] o.l.l.g.g.GameCore - game init begin!
2019-十二月-19 12:26:31.207 ERROR [main] o.l.l.g.g.GameCore - game init over!
2019-十二月-19 12:26:40.390 ERROR [pool-1-thread-1] o.l.l.g.j.SaveCharaTimes - online  : 0
2019-十二月-19 12:26:50.392 ERROR [pool-1-thread-1] o.l.l.g.j.SaveCharaTimes - online  : 0
2019-十二月-19 12:27:00.394 ERROR [pool-1-thread-1] o.l.l.g.j.SaveCharaTimes - online  : 0
2019-十二月-19 12:27:10.396 ERROR [pool-1-thread-1] o.l.l.g.j.SaveCharaTimes - online  : 0
2019-十二月-19 12:27:20.399 ERROR [pool-1-thread-1] o.l.l.g.j.SaveCharaTimes - online  : 0
2019-十二月-19 12:27:36.230 DEBUG [main] o.l.l.g.ApplicationNetty - run .... . ... 0.0.0.0
2019-十二月-19 12:27:36.416 ERROR [pool-1-thread-1] o.l.l.g.j.SaveCharaTimes - online  : 0
2019-十二月-19 12:27:37.177 ERROR [main] o.l.l.g.g.GameCore - game init begin!
2019-十二月-19 12:27:37.351 ERROR [main] o.l.l.g.g.GameCore - game init over!
2019-十二月-19 12:27:46.417 ERROR [pool-1-thread-1] o.l.l.g.j.SaveCharaTimes - online  : 0
2019-十二月-19 12:27:56.418 ERROR [pool-1-thread-1] o.l.l.g.j.SaveCharaTimes - online  : 0
2019-十二月-19 12:28:06.419 ERROR [pool-1-thread-1] o.l.l.g.j.SaveCharaTimes - online  : 0
2019-十二月-19 12:28:16.420 ERROR [pool-1-thread-1] o.l.l.g.j.SaveCharaTimes - online  : 0
2019-十二月-19 12:28:22.774 ERROR [nioEventLoopGroup-5-1] o.l.l.g.p.C45144_0 - C45144_0:PooledSlicedByteBuf(ridx: 8, widx: 51, cap: 51/51, unwrapped: PooledUnsafeDirectByteBuf(ridx: 55, widx: 55, cap: 1024))
2019-十二月-19 12:28:22.778 INFO  [nioEventLoopGroup-5-1] o.l.l.g.p.C45144_0 - 验证不通过的查询参数:11000173b361dd-c03d-4c06-bf63-4e48ef6c445b
2019-十二月-19 12:28:22.779 INFO  [nioEventLoopGroup-5-1] o.l.l.g.p.C45144_0 - 验证不通过的查询参数:73b361dd-c03d-4c06-bf63-4e48ef6c445b
2019-十二月-19 12:28:22.780 INFO  [nioEventLoopGroup-5-1] o.l.l.g.p.C45144_0 - 验证不通过的查询参数:Accounts [Hash = 1928672313, IS_DELETED=false, NOT_DELETED=false, id=5924, name=shitoutou, keyword=sd123456, password=123456, token=73b361dd-c03d-4c06-bf63-4e48ef6c445b, addTime=2019-12-18T01:25:22, updateTime=2019-12-18T01:25:22, deleted=false, chongzhijifen=0, chongzhiyuanbao=0, yaoqingma=null, block=0, code=ASDSA]
2019-十二月-19 12:28:22.808 DEBUG [nioEventLoopGroup-5-1] o.l.l.g.p.C9040_0 - account : 11000173b361dd-c03d-4c06-bf63-4e48ef6c445b
2019-十二月-19 12:28:26.484 ERROR [pool-1-thread-1] o.l.l.g.j.SaveCharaTimes - online  : 1
2019-十二月-19 12:28:36.487 ERROR [pool-1-thread-1] o.l.l.g.j.SaveCharaTimes - online  : 1
2019-十二月-19 12:28:46.487 ERROR [pool-1-thread-1] o.l.l.g.j.SaveCharaTimes - online  : 1
2019-十二月-19 12:28:56.488 ERROR [pool-1-thread-1] o.l.l.g.j.SaveCharaTimes - online  : 1
2019-十二月-19 12:29:06.489 ERROR [pool-1-thread-1] o.l.l.g.j.SaveCharaTimes - online  : 1
2019-十二月-19 12:29:16.490 ERROR [pool-1-thread-1] o.l.l.g.j.SaveCharaTimes - online  : 1
2019-十二月-19 12:29:26.491 ERROR [pool-1-thread-1] o.l.l.g.j.SaveCharaTimes - online  : 1
2019-十二月-19 12:29:36.492 ERROR [pool-1-thread-1] o.l.l.g.j.SaveCharaTimes - online  : 1
2019-十二月-19 12:29:46.492 ERROR [pool-1-thread-1] o.l.l.g.j.SaveCharaTimes - online  : 1
2019-十二月-19 12:29:56.494 ERROR [pool-1-thread-1] o.l.l.g.j.SaveCharaTimes - online  : 1
2019-十二月-19 12:30:06.496 ERROR [pool-1-thread-1] o.l.l.g.j.SaveCharaTimes - online  : 1
2019-十二月-19 12:30:16.497 ERROR [pool-1-thread-1] o.l.l.g.j.SaveCharaTimes - online  : 1
2019-十二月-19 12:30:26.499 ERROR [pool-1-thread-1] o.l.l.g.j.SaveCharaTimes - online  : 1
2019-十二月-19 12:30:36.500 ERROR [pool-1-thread-1] o.l.l.g.j.SaveCharaTimes - online  : 1
2019-十二月-19 12:30:46.500 ERROR [pool-1-thread-1] o.l.l.g.j.SaveCharaTimes - online  : 1
2019-十二月-19 12:30:56.501 ERROR [pool-1-thread-1] o.l.l.g.j.SaveCharaTimes - online  : 1
2019-十二月-19 12:31:06.504 ERROR [pool-1-thread-1] o.l.l.g.j.SaveCharaTimes - online  : 1
2019-十二月-19 12:31:16.504 ERROR [pool-1-thread-1] o.l.l.g.j.SaveCharaTimes - online  : 1
2019-十二月-19 12:31:26.506 ERROR [pool-1-thread-1] o.l.l.g.j.SaveCharaTimes - online  : 1
2019-十二月-19 12:31:36.508 ERROR [pool-1-thread-1] o.l.l.g.j.SaveCharaTimes - online  : 1
2019-十二月-19 12:31:46.509 ERROR [pool-1-thread-1] o.l.l.g.j.SaveCharaTimes - online  : 1
2019-十二月-19 12:31:56.510 ERROR [pool-1-thread-1] o.l.l.g.j.SaveCharaTimes - online  : 1
2019-十二月-19 12:32:06.512 ERROR [pool-1-thread-1] o.l.l.g.j.SaveCharaTimes - online  : 1
2019-十二月-19 12:32:16.513 ERROR [pool-1-thread-1] o.l.l.g.j.SaveCharaTimes - online  : 1
2019-十二月-19 12:32:26.514 ERROR [pool-1-thread-1] o.l.l.g.j.SaveCharaTimes - online  : 1
2019-十二月-19 12:32:36.515 ERROR [pool-1-thread-1] o.l.l.g.j.SaveCharaTimes - online  : 1
2019-十二月-19 12:32:46.515 ERROR [pool-1-thread-1] o.l.l.g.j.SaveCharaTimes - online  : 1
2019-十二月-19 12:32:56.517 ERROR [pool-1-thread-1] o.l.l.g.j.SaveCharaTimes - online  : 1
2019-十二月-19 12:33:06.519 ERROR [pool-1-thread-1] o.l.l.g.j.SaveCharaTimes - online  : 1
2019-十二月-19 12:33:16.521 ERROR [pool-1-thread-1] o.l.l.g.j.SaveCharaTimes - online  : 1
2019-十二月-19 12:33:26.522 ERROR [pool-1-thread-1] o.l.l.g.j.SaveCharaTimes - online  : 1
2019-十二月-19 12:33:36.523 ERROR [pool-1-thread-1] o.l.l.g.j.SaveCharaTimes - online  : 1
2019-十二月-19 12:33:46.524 ERROR [pool-1-thread-1] o.l.l.g.j.SaveCharaTimes - online  : 0
2019-十二月-19 12:33:56.526 ERROR [pool-1-thread-1] o.l.l.g.j.SaveCharaTimes - online  : 0
2019-十二月-19 12:34:06.528 ERROR [pool-1-thread-1] o.l.l.g.j.SaveCharaTimes - online  : 0
2019-十二月-19 12:34:16.529 ERROR [pool-1-thread-1] o.l.l.g.j.SaveCharaTimes - online  : 0
2019-十二月-19 12:34:26.531 ERROR [pool-1-thread-1] o.l.l.g.j.SaveCharaTimes - online  : 0
2019-十二月-19 12:34:36.532 ERROR [pool-1-thread-1] o.l.l.g.j.SaveCharaTimes - online  : 0
2019-十二月-19 12:34:46.535 ERROR [pool-1-thread-1] o.l.l.g.j.SaveCharaTimes - online  : 0
2019-十二月-19 12:34:56.535 ERROR [pool-1-thread-1] o.l.l.g.j.SaveCharaTimes - online  : 0
2019-十二月-19 12:35:06.537 ERROR [pool-1-thread-1] o.l.l.g.j.SaveCharaTimes - online  : 0
2019-十二月-19 12:35:16.538 ERROR [pool-1-thread-1] o.l.l.g.j.SaveCharaTimes - online  : 0
2019-十二月-19 12:35:26.538 ERROR [pool-1-thread-1] o.l.l.g.j.SaveCharaTimes - online  : 0
2019-十二月-19 12:35:36.539 ERROR [pool-1-thread-1] o.l.l.g.j.SaveCharaTimes - online  : 0
2019-十二月-19 12:35:46.540 ERROR [pool-1-thread-1] o.l.l.g.j.SaveCharaTimes - online  : 0
2019-十二月-19 12:35:56.540 ERROR [pool-1-thread-1] o.l.l.g.j.SaveCharaTimes - online  : 0
2019-十二月-19 12:36:06.541 ERROR [pool-1-thread-1] o.l.l.g.j.SaveCharaTimes - online  : 0
2019-十二月-19 12:36:16.543 ERROR [pool-1-thread-1] o.l.l.g.j.SaveCharaTimes - online  : 0
2019-十二月-19 12:36:26.545 ERROR [pool-1-thread-1] o.l.l.g.j.SaveCharaTimes - online  : 0
2019-十二月-19 12:36:36.547 ERROR [pool-1-thread-1] o.l.l.g.j.SaveCharaTimes - online  : 0
2019-十二月-19 12:36:46.548 ERROR [pool-1-thread-1] o.l.l.g.j.SaveCharaTimes - online  : 0
2019-十二月-19 12:36:56.551 ERROR [pool-1-thread-1] o.l.l.g.j.SaveCharaTimes - online  : 0
2019-十二月-19 12:37:06.552 ERROR [pool-1-thread-1] o.l.l.g.j.SaveCharaTimes - online  : 0
2019-十二月-19 12:37:16.553 ERROR [pool-1-thread-1] o.l.l.g.j.SaveCharaTimes - online  : 0
2019-十二月-19 12:37:26.555 ERROR [pool-1-thread-1] o.l.l.g.j.SaveCharaTimes - online  : 0
2019-十二月-19 12:37:36.556 ERROR [pool-1-thread-1] o.l.l.g.j.SaveCharaTimes - online  : 0
2019-十二月-19 12:37:46.557 ERROR [pool-1-thread-1] o.l.l.g.j.SaveCharaTimes - online  : 0
2019-十二月-19 12:37:56.559 ERROR [pool-1-thread-1] o.l.l.g.j.SaveCharaTimes - online  : 0
2019-十二月-19 12:38:06.561 ERROR [pool-1-thread-1] o.l.l.g.j.SaveCharaTimes - online  : 0
2019-十二月-19 12:38:16.562 ERROR [pool-1-thread-1] o.l.l.g.j.SaveCharaTimes - online  : 0
2019-十二月-19 12:38:26.564 ERROR [pool-1-thread-1] o.l.l.g.j.SaveCharaTimes - online  : 0
2019-十二月-19 12:38:36.565 ERROR [pool-1-thread-1] o.l.l.g.j.SaveCharaTimes - online  : 0
2019-十二月-19 12:38:46.567 ERROR [pool-1-thread-1] o.l.l.g.j.SaveCharaTimes - online  : 0
2019-十二月-19 12:38:56.569 ERROR [pool-1-thread-1] o.l.l.g.j.SaveCharaTimes - online  : 0
2019-十二月-19 12:39:06.571 ERROR [pool-1-thread-1] o.l.l.g.j.SaveCharaTimes - online  : 0
2019-十二月-19 12:39:16.571 ERROR [pool-1-thread-1] o.l.l.g.j.SaveCharaTimes - online  : 0
2019-十二月-19 12:39:26.573 ERROR [pool-1-thread-1] o.l.l.g.j.SaveCharaTimes - online  : 0
2019-十二月-19 12:39:36.575 ERROR [pool-1-thread-1] o.l.l.g.j.SaveCharaTimes - online  : 0
2019-十二月-19 12:39:46.576 ERROR [pool-1-thread-1] o.l.l.g.j.SaveCharaTimes - online  : 0
2019-十二月-19 12:39:56.578 ERROR [pool-1-thread-1] o.l.l.g.j.SaveCharaTimes - online  : 0
2019-十二月-19 12:40:06.579 ERROR [pool-1-thread-1] o.l.l.g.j.SaveCharaTimes - online  : 0
2019-十二月-19 12:40:16.581 ERROR [pool-1-thread-1] o.l.l.g.j.SaveCharaTimes - online  : 0
2019-十二月-19 12:40:26.582 ERROR [pool-1-thread-1] o.l.l.g.j.SaveCharaTimes - online  : 0
2019-十二月-19 12:40:36.583 ERROR [pool-1-thread-1] o.l.l.g.j.SaveCharaTimes - online  : 0
2019-十二月-19 12:40:46.583 ERROR [pool-1-thread-1] o.l.l.g.j.SaveCharaTimes - online  : 0
2019-十二月-19 12:40:56.584 ERROR [pool-1-thread-1] o.l.l.g.j.SaveCharaTimes - online  : 0
2019-十二月-19 12:41:06.586 ERROR [pool-1-thread-1] o.l.l.g.j.SaveCharaTimes - online  : 0
2019-十二月-19 12:41:16.586 ERROR [pool-1-thread-1] o.l.l.g.j.SaveCharaTimes - online  : 0
2019-十二月-19 12:41:26.588 ERROR [pool-1-thread-1] o.l.l.g.j.SaveCharaTimes - online  : 0
2019-十二月-19 12:41:36.589 ERROR [pool-1-thread-1] o.l.l.g.j.SaveCharaTimes - online  : 0
2019-十二月-19 12:41:46.590 ERROR [pool-1-thread-1] o.l.l.g.j.SaveCharaTimes - online  : 0
2019-十二月-19 12:41:56.591 ERROR [pool-1-thread-1] o.l.l.g.j.SaveCharaTimes - online  : 0
2019-十二月-19 12:42:06.592 ERROR [pool-1-thread-1] o.l.l.g.j.SaveCharaTimes - online  : 0
2019-十二月-19 12:42:16.594 ERROR [pool-1-thread-1] o.l.l.g.j.SaveCharaTimes - online  : 0
2019-十二月-19 12:42:26.595 ERROR [pool-1-thread-1] o.l.l.g.j.SaveCharaTimes - online  : 0
2019-十二月-19 12:42:36.598 ERROR [pool-1-thread-1] o.l.l.g.j.SaveCharaTimes - online  : 0
2019-十二月-19 12:42:46.598 ERROR [pool-1-thread-1] o.l.l.g.j.SaveCharaTimes - online  : 0
2019-十二月-19 12:42:56.600 ERROR [pool-1-thread-1] o.l.l.g.j.SaveCharaTimes - online  : 0
2019-十二月-19 12:43:06.601 ERROR [pool-1-thread-1] o.l.l.g.j.SaveCharaTimes - online  : 0
2019-十二月-19 12:43:16.603 ERROR [pool-1-thread-1] o.l.l.g.j.SaveCharaTimes - online  : 0
2019-十二月-19 12:43:26.603 ERROR [pool-1-thread-1] o.l.l.g.j.SaveCharaTimes - online  : 0
2019-十二月-19 12:43:36.604 ERROR [pool-1-thread-1] o.l.l.g.j.SaveCharaTimes - online  : 0
2019-十二月-19 12:43:46.605 ERROR [pool-1-thread-1] o.l.l.g.j.SaveCharaTimes - online  : 0
2019-十二月-19 12:43:56.607 ERROR [pool-1-thread-1] o.l.l.g.j.SaveCharaTimes - online  : 0
2019-十二月-19 12:44:06.607 ERROR [pool-1-thread-1] o.l.l.g.j.SaveCharaTimes - online  : 0
2019-十二月-19 12:44:16.608 ERROR [pool-1-thread-1] o.l.l.g.j.SaveCharaTimes - online  : 0
2019-十二月-19 12:44:26.610 ERROR [pool-1-thread-1] o.l.l.g.j.SaveCharaTimes - online  : 0
2019-十二月-19 12:44:36.612 ERROR [pool-1-thread-1] o.l.l.g.j.SaveCharaTimes - online  : 0
2019-十二月-19 12:44:46.612 ERROR [pool-1-thread-1] o.l.l.g.j.SaveCharaTimes - online  : 0
2019-十二月-19 12:44:56.614 ERROR [pool-1-thread-1] o.l.l.g.j.SaveCharaTimes - online  : 0
2019-十二月-19 12:45:06.615 ERROR [pool-1-thread-1] o.l.l.g.j.SaveCharaTimes - online  : 0
2019-十二月-19 12:45:16.616 ERROR [pool-1-thread-1] o.l.l.g.j.SaveCharaTimes - online  : 0
2019-十二月-19 12:45:26.617 ERROR [pool-1-thread-1] o.l.l.g.j.SaveCharaTimes - online  : 0
2019-十二月-19 12:45:36.618 ERROR [pool-1-thread-1] o.l.l.g.j.SaveCharaTimes - online  : 0
2019-十二月-19 12:45:46.618 ERROR [pool-1-thread-1] o.l.l.g.j.SaveCharaTimes - online  : 0
2019-十二月-19 12:45:56.620 ERROR [pool-1-thread-1] o.l.l.g.j.SaveCharaTimes - online  : 0
2019-十二月-19 12:46:06.622 ERROR [pool-1-thread-1] o.l.l.g.j.SaveCharaTimes - online  : 0
2019-十二月-19 12:46:16.623 ERROR [pool-1-thread-1] o.l.l.g.j.SaveCharaTimes - online  : 0
2019-十二月-19 12:46:26.625 ERROR [pool-1-thread-1] o.l.l.g.j.SaveCharaTimes - online  : 0
2019-十二月-19 12:46:36.626 ERROR [pool-1-thread-1] o.l.l.g.j.SaveCharaTimes - online  : 0
2019-十二月-19 12:46:46.628 ERROR [pool-1-thread-1] o.l.l.g.j.SaveCharaTimes - online  : 0
2019-十二月-19 12:46:56.629 ERROR [pool-1-thread-1] o.l.l.g.j.SaveCharaTimes - online  : 0
2019-十二月-19 12:47:06.630 ERROR [pool-1-thread-1] o.l.l.g.j.SaveCharaTimes - online  : 0
2019-十二月-19 12:47:16.632 ERROR [pool-1-thread-1] o.l.l.g.j.SaveCharaTimes - online  : 0
2019-十二月-19 12:47:26.634 ERROR [pool-1-thread-1] o.l.l.g.j.SaveCharaTimes - online  : 0
2019-十二月-19 12:47:36.636 ERROR [pool-1-thread-1] o.l.l.g.j.SaveCharaTimes - online  : 0
2019-十二月-19 12:47:46.638 ERROR [pool-1-thread-1] o.l.l.g.j.SaveCharaTimes - online  : 0
2019-十二月-19 12:47:56.639 ERROR [pool-1-thread-1] o.l.l.g.j.SaveCharaTimes - online  : 0
2019-十二月-19 12:48:06.641 ERROR [pool-1-thread-1] o.l.l.g.j.SaveCharaTimes - online  : 0
2019-十二月-19 12:48:16.643 ERROR [pool-1-thread-1] o.l.l.g.j.SaveCharaTimes - online  : 0
2019-十二月-19 12:48:26.645 ERROR [pool-1-thread-1] o.l.l.g.j.SaveCharaTimes - online  : 0
2019-十二月-19 12:48:36.647 ERROR [pool-1-thread-1] o.l.l.g.j.SaveCharaTimes - online  : 0
2019-十二月-19 12:48:46.648 ERROR [pool-1-thread-1] o.l.l.g.j.SaveCharaTimes - online  : 0
2019-十二月-19 12:48:56.649 ERROR [pool-1-thread-1] o.l.l.g.j.SaveCharaTimes - online  : 0
2019-十二月-19 12:49:06.651 ERROR [pool-1-thread-1] o.l.l.g.j.SaveCharaTimes - online  : 0
2019-十二月-19 12:49:16.652 ERROR [pool-1-thread-1] o.l.l.g.j.SaveCharaTimes - online  : 0
2019-十二月-19 12:49:26.652 ERROR [pool-1-thread-1] o.l.l.g.j.SaveCharaTimes - online  : 0
2019-十二月-19 12:49:36.653 ERROR [pool-1-thread-1] o.l.l.g.j.SaveCharaTimes - online  : 0
2019-十二月-19 12:49:46.655 ERROR [pool-1-thread-1] o.l.l.g.j.SaveCharaTimes - online  : 0
2019-十二月-19 12:49:56.657 ERROR [pool-1-thread-1] o.l.l.g.j.SaveCharaTimes - online  : 0
2019-十二月-19 12:50:06.657 ERROR [pool-1-thread-1] o.l.l.g.j.SaveCharaTimes - online  : 0
2019-十二月-19 12:50:16.659 ERROR [pool-1-thread-1] o.l.l.g.j.SaveCharaTimes - online  : 0
2019-十二月-19 12:50:26.661 ERROR [pool-1-thread-1] o.l.l.g.j.SaveCharaTimes - online  : 0
2019-十二月-19 12:50:36.662 ERROR [pool-1-thread-1] o.l.l.g.j.SaveCharaTimes - online  : 0
2019-十二月-19 12:50:46.663 ERROR [pool-1-thread-1] o.l.l.g.j.SaveCharaTimes - online  : 0
2019-十二月-19 12:50:56.664 ERROR [pool-1-thread-1] o.l.l.g.j.SaveCharaTimes - online  : 0
2019-十二月-19 12:51:06.665 ERROR [pool-1-thread-1] o.l.l.g.j.SaveCharaTimes - online  : 0
2019-十二月-19 12:51:16.667 ERROR [pool-1-thread-1] o.l.l.g.j.SaveCharaTimes - online  : 0
2019-十二月-19 12:51:26.668 ERROR [pool-1-thread-1] o.l.l.g.j.SaveCharaTimes - online  : 0
2019-十二月-19 12:51:36.669 ERROR [pool-1-thread-1] o.l.l.g.j.SaveCharaTimes - online  : 0
2019-十二月-19 12:51:46.671 ERROR [pool-1-thread-1] o.l.l.g.j.SaveCharaTimes - online  : 0
2019-十二月-19 12:51:56.673 ERROR [pool-1-thread-1] o.l.l.g.j.SaveCharaTimes - online  : 0
2019-十二月-19 12:52:06.675 ERROR [pool-1-thread-1] o.l.l.g.j.SaveCharaTimes - online  : 0
2019-十二月-19 12:52:16.676 ERROR [pool-1-thread-1] o.l.l.g.j.SaveCharaTimes - online  : 0
2019-十二月-19 12:52:26.676 ERROR [pool-1-thread-1] o.l.l.g.j.SaveCharaTimes - online  : 0
2019-十二月-19 12:52:36.677 ERROR [pool-1-thread-1] o.l.l.g.j.SaveCharaTimes - online  : 0
2019-十二月-19 12:52:46.677 ERROR [pool-1-thread-1] o.l.l.g.j.SaveCharaTimes - online  : 0
2019-十二月-19 12:52:56.679 ERROR [pool-1-thread-1] o.l.l.g.j.SaveCharaTimes - online  : 0
2019-十二月-19 12:53:06.679 ERROR [pool-1-thread-1] o.l.l.g.j.SaveCharaTimes - online  : 0
2019-十二月-19 12:53:16.692 ERROR [pool-1-thread-1] o.l.l.g.j.SaveCharaTimes - online  : 0
2019-十二月-19 12:53:26.694 ERROR [pool-1-thread-1] o.l.l.g.j.SaveCharaTimes - online  : 0
2019-十二月-19 12:53:36.696 ERROR [pool-1-thread-1] o.l.l.g.j.SaveCharaTimes - online  : 0
2019-十二月-19 12:53:46.697 ERROR [pool-1-thread-1] o.l.l.g.j.SaveCharaTimes - online  : 0
2019-十二月-19 12:53:56.699 ERROR [pool-1-thread-1] o.l.l.g.j.SaveCharaTimes - online  : 0
2019-十二月-19 12:54:06.701 ERROR [pool-1-thread-1] o.l.l.g.j.SaveCharaTimes - online  : 0
2019-十二月-19 12:54:16.703 ERROR [pool-1-thread-1] o.l.l.g.j.SaveCharaTimes - online  : 0
2019-十二月-19 12:54:26.703 ERROR [pool-1-thread-1] o.l.l.g.j.SaveCharaTimes - online  : 0
2019-十二月-19 12:54:36.704 ERROR [pool-1-thread-1] o.l.l.g.j.SaveCharaTimes - online  : 0
2019-十二月-19 12:54:46.705 ERROR [pool-1-thread-1] o.l.l.g.j.SaveCharaTimes - online  : 0
2019-十二月-19 12:54:56.706 ERROR [pool-1-thread-1] o.l.l.g.j.SaveCharaTimes - online  : 0
2019-十二月-19 12:55:06.708 ERROR [pool-1-thread-1] o.l.l.g.j.SaveCharaTimes - online  : 0
2019-十二月-19 12:55:16.710 ERROR [pool-1-thread-1] o.l.l.g.j.SaveCharaTimes - online  : 0
2019-十二月-19 12:55:26.711 ERROR [pool-1-thread-1] o.l.l.g.j.SaveCharaTimes - online  : 0
2019-十二月-19 12:55:36.712 ERROR [pool-1-thread-1] o.l.l.g.j.SaveCharaTimes - online  : 0
2019-十二月-19 12:55:46.712 ERROR [pool-1-thread-1] o.l.l.g.j.SaveCharaTimes - online  : 0
2019-十二月-19 12:55:56.713 ERROR [pool-1-thread-1] o.l.l.g.j.SaveCharaTimes - online  : 0
2019-十二月-19 12:56:06.714 ERROR [pool-1-thread-1] o.l.l.g.j.SaveCharaTimes - online  : 0
2019-十二月-19 12:56:16.716 ERROR [pool-1-thread-1] o.l.l.g.j.SaveCharaTimes - online  : 0
2019-十二月-19 12:56:26.718 ERROR [pool-1-thread-1] o.l.l.g.j.SaveCharaTimes - online  : 0
2019-十二月-19 12:56:36.719 ERROR [pool-1-thread-1] o.l.l.g.j.SaveCharaTimes - online  : 0
2019-十二月-19 12:56:46.719 ERROR [pool-1-thread-1] o.l.l.g.j.SaveCharaTimes - online  : 0
2019-十二月-19 12:56:56.721 ERROR [pool-1-thread-1] o.l.l.g.j.SaveCharaTimes - online  : 0
2019-十二月-19 12:57:06.721 ERROR [pool-1-thread-1] o.l.l.g.j.SaveCharaTimes - online  : 0
2019-十二月-19 12:57:16.723 ERROR [pool-1-thread-1] o.l.l.g.j.SaveCharaTimes - online  : 0
2019-十二月-19 12:57:26.726 ERROR [pool-1-thread-1] o.l.l.g.j.SaveCharaTimes - online  : 0
2019-十二月-19 12:57:36.727 ERROR [pool-1-thread-1] o.l.l.g.j.SaveCharaTimes - online  : 0
2019-十二月-19 12:57:46.728 ERROR [pool-1-thread-1] o.l.l.g.j.SaveCharaTimes - online  : 0
2019-十二月-19 12:57:56.730 ERROR [pool-1-thread-1] o.l.l.g.j.SaveCharaTimes - online  : 0
2019-十二月-19 12:58:06.732 ERROR [pool-1-thread-1] o.l.l.g.j.SaveCharaTimes - online  : 0
2019-十二月-19 12:58:16.733 ERROR [pool-1-thread-1] o.l.l.g.j.SaveCharaTimes - online  : 0
2019-十二月-19 12:58:26.735 ERROR [pool-1-thread-1] o.l.l.g.j.SaveCharaTimes - online  : 0
2019-十二月-19 12:58:36.737 ERROR [pool-1-thread-1] o.l.l.g.j.SaveCharaTimes - online  : 0
2019-十二月-19 12:58:46.738 ERROR [pool-1-thread-1] o.l.l.g.j.SaveCharaTimes - online  : 0
2019-十二月-19 12:58:56.738 ERROR [pool-1-thread-1] o.l.l.g.j.SaveCharaTimes - online  : 0
2019-十二月-19 12:59:06.738 ERROR [pool-1-thread-1] o.l.l.g.j.SaveCharaTimes - online  : 0
2019-十二月-19 12:59:16.739 ERROR [pool-1-thread-1] o.l.l.g.j.SaveCharaTimes - online  : 0
2019-十二月-19 12:59:26.740 ERROR [pool-1-thread-1] o.l.l.g.j.SaveCharaTimes - online  : 0
2019-十二月-19 12:59:36.742 ERROR [pool-1-thread-1] o.l.l.g.j.SaveCharaTimes - online  : 0
2019-十二月-19 12:59:46.743 ERROR [pool-1-thread-1] o.l.l.g.j.SaveCharaTimes - online  : 0
2019-十二月-19 12:59:56.745 ERROR [pool-1-thread-1] o.l.l.g.j.SaveCharaTimes - online  : 0
2019-十二月-19 13:00:06.746 ERROR [pool-1-thread-1] o.l.l.g.j.SaveCharaTimes - online  : 0
2019-十二月-19 13:00:16.746 ERROR [pool-1-thread-1] o.l.l.g.j.SaveCharaTimes - online  : 0
2019-十二月-19 13:00:26.747 ERROR [pool-1-thread-1] o.l.l.g.j.SaveCharaTimes - online  : 0
2019-十二月-19 13:00:36.747 ERROR [pool-1-thread-1] o.l.l.g.j.SaveCharaTimes - online  : 0
2019-十二月-19 13:00:46.748 ERROR [pool-1-thread-1] o.l.l.g.j.SaveCharaTimes - online  : 0
2019-十二月-19 13:00:56.750 ERROR [pool-1-thread-1] o.l.l.g.j.SaveCharaTimes - online  : 0
2019-十二月-19 13:01:06.751 ERROR [pool-1-thread-1] o.l.l.g.j.SaveCharaTimes - online  : 0
2019-十二月-19 13:01:16.753 ERROR [pool-1-thread-1] o.l.l.g.j.SaveCharaTimes - online  : 0
2019-十二月-19 13:01:26.753 ERROR [pool-1-thread-1] o.l.l.g.j.SaveCharaTimes - online  : 0
2019-十二月-19 13:01:36.754 ERROR [pool-1-thread-1] o.l.l.g.j.SaveCharaTimes - online  : 0
2019-十二月-19 13:01:46.756 ERROR [pool-1-thread-1] o.l.l.g.j.SaveCharaTimes - online  : 0
2019-十二月-19 13:01:56.757 ERROR [pool-1-thread-1] o.l.l.g.j.SaveCharaTimes - online  : 0
2019-十二月-19 13:02:06.757 ERROR [pool-1-thread-1] o.l.l.g.j.SaveCharaTimes - online  : 0
2019-十二月-19 13:02:16.757 ERROR [pool-1-thread-1] o.l.l.g.j.SaveCharaTimes - online  : 0
2019-十二月-19 13:02:26.759 ERROR [pool-1-thread-1] o.l.l.g.j.SaveCharaTimes - online  : 0
2019-十二月-19 13:02:36.760 ERROR [pool-1-thread-1] o.l.l.g.j.SaveCharaTimes - online  : 0
2019-十二月-19 13:02:46.760 ERROR [pool-1-thread-1] o.l.l.g.j.SaveCharaTimes - online  : 0
2019-十二月-19 13:02:56.762 ERROR [pool-1-thread-1] o.l.l.g.j.SaveCharaTimes - online  : 0
2019-十二月-19 13:03:06.764 ERROR [pool-1-thread-1] o.l.l.g.j.SaveCharaTimes - online  : 0
2019-十二月-19 13:03:16.766 ERROR [pool-1-thread-1] o.l.l.g.j.SaveCharaTimes - online  : 0
2019-十二月-19 13:03:26.768 ERROR [pool-1-thread-1] o.l.l.g.j.SaveCharaTimes - online  : 0
2019-十二月-19 13:03:36.769 ERROR [pool-1-thread-1] o.l.l.g.j.SaveCharaTimes - online  : 0
2019-十二月-19 13:03:46.771 ERROR [pool-1-thread-1] o.l.l.g.j.SaveCharaTimes - online  : 0
2019-十二月-19 13:03:56.772 ERROR [pool-1-thread-1] o.l.l.g.j.SaveCharaTimes - online  : 0
2019-十二月-19 13:04:06.772 ERROR [pool-1-thread-1] o.l.l.g.j.SaveCharaTimes - online  : 0
2019-十二月-19 13:04:16.773 ERROR [pool-1-thread-1] o.l.l.g.j.SaveCharaTimes - online  : 0
2019-十二月-19 13:04:26.775 ERROR [pool-1-thread-1] o.l.l.g.j.SaveCharaTimes - online  : 0
2019-十二月-19 13:04:36.776 ERROR [pool-1-thread-1] o.l.l.g.j.SaveCharaTimes - online  : 0
2019-十二月-19 13:04:46.777 ERROR [pool-1-thread-1] o.l.l.g.j.SaveCharaTimes - online  : 0
2019-十二月-19 13:04:56.779 ERROR [pool-1-thread-1] o.l.l.g.j.SaveCharaTimes - online  : 0
2019-十二月-19 13:05:06.780 ERROR [pool-1-thread-1] o.l.l.g.j.SaveCharaTimes - online  : 0
2019-十二月-19 13:05:16.782 ERROR [pool-1-thread-1] o.l.l.g.j.SaveCharaTimes - online  : 0
2019-十二月-19 13:05:26.782 ERROR [pool-1-thread-1] o.l.l.g.j.SaveCharaTimes - online  : 0
2019-十二月-19 13:05:36.784 ERROR [pool-1-thread-1] o.l.l.g.j.SaveCharaTimes - online  : 0
2019-十二月-19 13:05:46.785 ERROR [pool-1-thread-1] o.l.l.g.j.SaveCharaTimes - online  : 0
2019-十二月-19 13:05:56.786 ERROR [pool-1-thread-1] o.l.l.g.j.SaveCharaTimes - online  : 0
2019-十二月-19 13:06:06.787 ERROR [pool-1-thread-1] o.l.l.g.j.SaveCharaTimes - online  : 0
2019-十二月-19 13:06:16.789 ERROR [pool-1-thread-1] o.l.l.g.j.SaveCharaTimes - online  : 0
2019-十二月-19 13:06:26.791 ERROR [pool-1-thread-1] o.l.l.g.j.SaveCharaTimes - online  : 0
2019-十二月-19 13:06:36.793 ERROR [pool-1-thread-1] o.l.l.g.j.SaveCharaTimes - online  : 0
2019-十二月-19 13:06:46.795 ERROR [pool-1-thread-1] o.l.l.g.j.SaveCharaTimes - online  : 0
2019-十二月-19 13:06:56.795 ERROR [pool-1-thread-1] o.l.l.g.j.SaveCharaTimes - online  : 0
2019-十二月-19 13:07:06.796 ERROR [pool-1-thread-1] o.l.l.g.j.SaveCharaTimes - online  : 0
2019-十二月-19 13:07:16.796 ERROR [pool-1-thread-1] o.l.l.g.j.SaveCharaTimes - online  : 0
2019-十二月-19 13:07:26.797 ERROR [pool-1-thread-1] o.l.l.g.j.SaveCharaTimes - online  : 0
2019-十二月-19 13:07:36.797 ERROR [pool-1-thread-1] o.l.l.g.j.SaveCharaTimes - online  : 0
2019-十二月-19 13:07:46.799 ERROR [pool-1-thread-1] o.l.l.g.j.SaveCharaTimes - online  : 0
2019-十二月-19 13:07:56.800 ERROR [pool-1-thread-1] o.l.l.g.j.SaveCharaTimes - online  : 0
2019-十二月-19 13:08:06.802 ERROR [pool-1-thread-1] o.l.l.g.j.SaveCharaTimes - online  : 0
2019-十二月-19 13:08:16.803 ERROR [pool-1-thread-1] o.l.l.g.j.SaveCharaTimes - online  : 0
2019-十二月-19 13:08:26.805 ERROR [pool-1-thread-1] o.l.l.g.j.SaveCharaTimes - online  : 0
2019-十二月-19 13:08:36.806 ERROR [pool-1-thread-1] o.l.l.g.j.SaveCharaTimes - online  : 0
2019-十二月-19 13:08:46.807 ERROR [pool-1-thread-1] o.l.l.g.j.SaveCharaTimes - online  : 0
2019-十二月-19 13:08:56.809 ERROR [pool-1-thread-1] o.l.l.g.j.SaveCharaTimes - online  : 0
2019-十二月-19 13:09:06.811 ERROR [pool-1-thread-1] o.l.l.g.j.SaveCharaTimes - online  : 0
2019-十二月-19 13:09:16.812 ERROR [pool-1-thread-1] o.l.l.g.j.SaveCharaTimes - online  : 0
2019-十二月-19 13:09:26.812 ERROR [pool-1-thread-1] o.l.l.g.j.SaveCharaTimes - online  : 0
2019-十二月-19 13:09:36.814 ERROR [pool-1-thread-1] o.l.l.g.j.SaveCharaTimes - online  : 0
2019-十二月-19 13:09:46.817 ERROR [pool-1-thread-1] o.l.l.g.j.SaveCharaTimes - online  : 0
2019-十二月-19 13:09:56.818 ERROR [pool-1-thread-1] o.l.l.g.j.SaveCharaTimes - online  : 0
2019-十二月-19 13:10:06.820 ERROR [pool-1-thread-1] o.l.l.g.j.SaveCharaTimes - online  : 0
2019-十二月-19 13:10:16.822 ERROR [pool-1-thread-1] o.l.l.g.j.SaveCharaTimes - online  : 0
2019-十二月-19 13:10:26.824 ERROR [pool-1-thread-1] o.l.l.g.j.SaveCharaTimes - online  : 0
2019-十二月-19 13:10:36.826 ERROR [pool-1-thread-1] o.l.l.g.j.SaveCharaTimes - online  : 0
2019-十二月-19 13:10:46.827 ERROR [pool-1-thread-1] o.l.l.g.j.SaveCharaTimes - online  : 0
2019-十二月-19 13:10:56.828 ERROR [pool-1-thread-1] o.l.l.g.j.SaveCharaTimes - online  : 0
2019-十二月-19 13:11:06.830 ERROR [pool-1-thread-1] o.l.l.g.j.SaveCharaTimes - online  : 0
2019-十二月-19 13:11:16.833 ERROR [pool-1-thread-1] o.l.l.g.j.SaveCharaTimes - online  : 0
2019-十二月-19 13:11:26.834 ERROR [pool-1-thread-1] o.l.l.g.j.SaveCharaTimes - online  : 0
2019-十二月-19 13:11:36.835 ERROR [pool-1-thread-1] o.l.l.g.j.SaveCharaTimes - online  : 0
2019-十二月-19 13:11:46.836 ERROR [pool-1-thread-1] o.l.l.g.j.SaveCharaTimes - online  : 0
2019-十二月-19 13:11:56.837 ERROR [pool-1-thread-1] o.l.l.g.j.SaveCharaTimes - online  : 0
2019-十二月-19 13:12:06.839 ERROR [pool-1-thread-1] o.l.l.g.j.SaveCharaTimes - online  : 0
2019-十二月-19 13:12:16.841 ERROR [pool-1-thread-1] o.l.l.g.j.SaveCharaTimes - online  : 0
2019-十二月-19 13:12:26.842 ERROR [pool-1-thread-1] o.l.l.g.j.SaveCharaTimes - online  : 0
2019-十二月-19 13:12:36.844 ERROR [pool-1-thread-1] o.l.l.g.j.SaveCharaTimes - online  : 0
2019-十二月-19 13:12:46.844 ERROR [pool-1-thread-1] o.l.l.g.j.SaveCharaTimes - online  : 0
2019-十二月-19 13:12:56.846 ERROR [pool-1-thread-1] o.l.l.g.j.SaveCharaTimes - online  : 0
2019-十二月-19 13:13:06.847 ERROR [pool-1-thread-1] o.l.l.g.j.SaveCharaTimes - online  : 0
2019-十二月-19 13:13:16.847 ERROR [pool-1-thread-1] o.l.l.g.j.SaveCharaTimes - online  : 0
2019-十二月-19 13:13:26.850 ERROR [pool-1-thread-1] o.l.l.g.j.SaveCharaTimes - online  : 0
2019-十二月-19 13:13:36.851 ERROR [pool-1-thread-1] o.l.l.g.j.SaveCharaTimes - online  : 0
2019-十二月-19 13:13:46.851 ERROR [pool-1-thread-1] o.l.l.g.j.SaveCharaTimes - online  : 0
2019-十二月-19 13:13:56.853 ERROR [pool-1-thread-1] o.l.l.g.j.SaveCharaTimes - online  : 0
2019-十二月-19 13:14:06.854 ERROR [pool-1-thread-1] o.l.l.g.j.SaveCharaTimes - online  : 0
2019-十二月-19 13:14:16.854 ERROR [pool-1-thread-1] o.l.l.g.j.SaveCharaTimes - online  : 0
2019-十二月-19 13:14:26.855 ERROR [pool-1-thread-1] o.l.l.g.j.SaveCharaTimes - online  : 0
2019-十二月-19 13:14:36.857 ERROR [pool-1-thread-1] o.l.l.g.j.SaveCharaTimes - online  : 0
2019-十二月-19 13:14:46.858 ERROR [pool-1-thread-1] o.l.l.g.j.SaveCharaTimes - online  : 0
2019-十二月-19 13:14:56.858 ERROR [pool-1-thread-1] o.l.l.g.j.SaveCharaTimes - online  : 0
2019-十二月-19 13:15:06.859 ERROR [pool-1-thread-1] o.l.l.g.j.SaveCharaTimes - online  : 0
2019-十二月-19 13:15:16.861 ERROR [pool-1-thread-1] o.l.l.g.j.SaveCharaTimes - online  : 0
2019-十二月-19 13:15:26.861 ERROR [pool-1-thread-1] o.l.l.g.j.SaveCharaTimes - online  : 0
2019-十二月-19 13:15:36.863 ERROR [pool-1-thread-1] o.l.l.g.j.SaveCharaTimes - online  : 0
2019-十二月-19 13:15:46.864 ERROR [pool-1-thread-1] o.l.l.g.j.SaveCharaTimes - online  : 0
2019-十二月-19 13:15:56.866 ERROR [pool-1-thread-1] o.l.l.g.j.SaveCharaTimes - online  : 0
2019-十二月-19 13:16:06.868 ERROR [pool-1-thread-1] o.l.l.g.j.SaveCharaTimes - online  : 0
2019-十二月-19 13:16:16.869 ERROR [pool-1-thread-1] o.l.l.g.j.SaveCharaTimes - online  : 0
2019-十二月-19 13:16:26.870 ERROR [pool-1-thread-1] o.l.l.g.j.SaveCharaTimes - online  : 0
2019-十二月-19 13:16:36.871 ERROR [pool-1-thread-1] o.l.l.g.j.SaveCharaTimes - online  : 0
2019-十二月-19 13:16:46.873 ERROR [pool-1-thread-1] o.l.l.g.j.SaveCharaTimes - online  : 0
2019-十二月-19 13:16:56.875 ERROR [pool-1-thread-1] o.l.l.g.j.SaveCharaTimes - online  : 0
2019-十二月-19 13:17:06.876 ERROR [pool-1-thread-1] o.l.l.g.j.SaveCharaTimes - online  : 0
2019-十二月-19 13:17:16.877 ERROR [pool-1-thread-1] o.l.l.g.j.SaveCharaTimes - online  : 0
2019-十二月-19 13:17:26.879 ERROR [pool-1-thread-1] o.l.l.g.j.SaveCharaTimes - online  : 0
2019-十二月-19 13:17:36.881 ERROR [pool-1-thread-1] o.l.l.g.j.SaveCharaTimes - online  : 0
2019-十二月-19 13:17:46.881 ERROR [pool-1-thread-1] o.l.l.g.j.SaveCharaTimes - online  : 0
2019-十二月-19 13:17:56.882 ERROR [pool-1-thread-1] o.l.l.g.j.SaveCharaTimes - online  : 0
2019-十二月-19 13:18:06.883 ERROR [pool-1-thread-1] o.l.l.g.j.SaveCharaTimes - online  : 0
2019-十二月-19 13:18:16.883 ERROR [pool-1-thread-1] o.l.l.g.j.SaveCharaTimes - online  : 0
2019-十二月-19 13:18:26.884 ERROR [pool-1-thread-1] o.l.l.g.j.SaveCharaTimes - online  : 0
2019-十二月-19 13:18:36.884 ERROR [pool-1-thread-1] o.l.l.g.j.SaveCharaTimes - online  : 0
2019-十二月-19 13:18:46.886 ERROR [pool-1-thread-1] o.l.l.g.j.SaveCharaTimes - online  : 0
2019-十二月-19 13:18:56.887 ERROR [pool-1-thread-1] o.l.l.g.j.SaveCharaTimes - online  : 0
2019-十二月-19 13:19:06.889 ERROR [pool-1-thread-1] o.l.l.g.j.SaveCharaTimes - online  : 0
2019-十二月-19 13:19:16.891 ERROR [pool-1-thread-1] o.l.l.g.j.SaveCharaTimes - online  : 0
2019-十二月-19 13:19:26.891 ERROR [pool-1-thread-1] o.l.l.g.j.SaveCharaTimes - online  : 0
2019-十二月-19 13:19:36.893 ERROR [pool-1-thread-1] o.l.l.g.j.SaveCharaTimes - online  : 0
2019-十二月-19 13:19:46.895 ERROR [pool-1-thread-1] o.l.l.g.j.SaveCharaTimes - online  : 0
2019-十二月-19 13:19:56.897 ERROR [pool-1-thread-1] o.l.l.g.j.SaveCharaTimes - online  : 0
2019-十二月-19 13:20:06.897 ERROR [pool-1-thread-1] o.l.l.g.j.SaveCharaTimes - online  : 0
2019-十二月-19 13:20:16.898 ERROR [pool-1-thread-1] o.l.l.g.j.SaveCharaTimes - online  : 0
2019-十二月-19 13:20:26.900 ERROR [pool-1-thread-1] o.l.l.g.j.SaveCharaTimes - online  : 0
2019-十二月-19 13:20:36.902 ERROR [pool-1-thread-1] o.l.l.g.j.SaveCharaTimes - online  : 0
2019-十二月-19 13:20:46.903 ERROR [pool-1-thread-1] o.l.l.g.j.SaveCharaTimes - online  : 0
2019-十二月-19 13:20:56.904 ERROR [pool-1-thread-1] o.l.l.g.j.SaveCharaTimes - online  : 0
2019-十二月-19 13:21:06.906 ERROR [pool-1-thread-1] o.l.l.g.j.SaveCharaTimes - online  : 0
2019-十二月-19 13:21:16.907 ERROR [pool-1-thread-1] o.l.l.g.j.SaveCharaTimes - online  : 0
2019-十二月-19 13:21:26.908 ERROR [pool-1-thread-1] o.l.l.g.j.SaveCharaTimes - online  : 0
2019-十二月-19 13:21:36.909 ERROR [pool-1-thread-1] o.l.l.g.j.SaveCharaTimes - online  : 0
2019-十二月-19 13:21:46.910 ERROR [pool-1-thread-1] o.l.l.g.j.SaveCharaTimes - online  : 0
2019-十二月-19 13:21:56.910 ERROR [pool-1-thread-1] o.l.l.g.j.SaveCharaTimes - online  : 0
2019-十二月-19 13:22:06.910 ERROR [pool-1-thread-1] o.l.l.g.j.SaveCharaTimes - online  : 0
2019-十二月-19 13:22:16.911 ERROR [pool-1-thread-1] o.l.l.g.j.SaveCharaTimes - online  : 0
2019-十二月-19 13:22:26.912 ERROR [pool-1-thread-1] o.l.l.g.j.SaveCharaTimes - online  : 0
2019-十二月-19 13:22:36.913 ERROR [pool-1-thread-1] o.l.l.g.j.SaveCharaTimes - online  : 0
2019-十二月-19 13:22:46.916 ERROR [pool-1-thread-1] o.l.l.g.j.SaveCharaTimes - online  : 0
2019-十二月-19 13:22:56.916 ERROR [pool-1-thread-1] o.l.l.g.j.SaveCharaTimes - online  : 0
2019-十二月-19 13:23:06.918 ERROR [pool-1-thread-1] o.l.l.g.j.SaveCharaTimes - online  : 0
2019-十二月-19 13:23:16.919 ERROR [pool-1-thread-1] o.l.l.g.j.SaveCharaTimes - online  : 0
2019-十二月-19 13:23:26.921 ERROR [pool-1-thread-1] o.l.l.g.j.SaveCharaTimes - online  : 0
2019-十二月-19 13:23:36.921 ERROR [pool-1-thread-1] o.l.l.g.j.SaveCharaTimes - online  : 0
2019-十二月-19 13:23:46.922 ERROR [pool-1-thread-1] o.l.l.g.j.SaveCharaTimes - online  : 0
2019-十二月-19 13:23:56.924 ERROR [pool-1-thread-1] o.l.l.g.j.SaveCharaTimes - online  : 0
2019-十二月-19 13:24:06.925 ERROR [pool-1-thread-1] o.l.l.g.j.SaveCharaTimes - online  : 0
2019-十二月-19 13:24:16.926 ERROR [pool-1-thread-1] o.l.l.g.j.SaveCharaTimes - online  : 0
2019-十二月-19 13:24:26.927 ERROR [pool-1-thread-1] o.l.l.g.j.SaveCharaTimes - online  : 0
2019-十二月-19 13:24:36.928 ERROR [pool-1-thread-1] o.l.l.g.j.SaveCharaTimes - online  : 0
2019-十二月-19 13:24:46.929 ERROR [pool-1-thread-1] o.l.l.g.j.SaveCharaTimes - online  : 0
2019-十二月-19 13:24:56.931 ERROR [pool-1-thread-1] o.l.l.g.j.SaveCharaTimes - online  : 0
2019-十二月-19 13:25:06.932 ERROR [pool-1-thread-1] o.l.l.g.j.SaveCharaTimes - online  : 0
2019-十二月-19 13:25:16.932 ERROR [pool-1-thread-1] o.l.l.g.j.SaveCharaTimes - online  : 0
2019-十二月-19 13:25:26.933 ERROR [pool-1-thread-1] o.l.l.g.j.SaveCharaTimes - online  : 0
2019-十二月-19 13:25:36.935 ERROR [pool-1-thread-1] o.l.l.g.j.SaveCharaTimes - online  : 0
2019-十二月-19 13:25:46.936 ERROR [pool-1-thread-1] o.l.l.g.j.SaveCharaTimes - online  : 0
2019-十二月-19 13:25:56.936 ERROR [pool-1-thread-1] o.l.l.g.j.SaveCharaTimes - online  : 0
2019-十二月-19 13:26:06.936 ERROR [pool-1-thread-1] o.l.l.g.j.SaveCharaTimes - online  : 0
2019-十二月-19 13:26:16.937 ERROR [pool-1-thread-1] o.l.l.g.j.SaveCharaTimes - online  : 0
2019-十二月-19 13:26:26.937 ERROR [pool-1-thread-1] o.l.l.g.j.SaveCharaTimes - online  : 0
2019-十二月-19 13:26:36.939 ERROR [pool-1-thread-1] o.l.l.g.j.SaveCharaTimes - online  : 0
2019-十二月-19 13:26:46.939 ERROR [pool-1-thread-1] o.l.l.g.j.SaveCharaTimes - online  : 0
2019-十二月-19 13:26:56.940 ERROR [pool-1-thread-1] o.l.l.g.j.SaveCharaTimes - online  : 0
2019-十二月-19 13:27:06.941 ERROR [pool-1-thread-1] o.l.l.g.j.SaveCharaTimes - online  : 0
2019-十二月-19 13:27:16.943 ERROR [pool-1-thread-1] o.l.l.g.j.SaveCharaTimes - online  : 0
2019-十二月-19 13:27:26.945 ERROR [pool-1-thread-1] o.l.l.g.j.SaveCharaTimes - online  : 0
2019-十二月-19 13:27:36.947 ERROR [pool-1-thread-1] o.l.l.g.j.SaveCharaTimes - online  : 0
2019-十二月-19 13:27:46.947 ERROR [pool-1-thread-1] o.l.l.g.j.SaveCharaTimes - online  : 0
2019-十二月-19 13:27:56.949 ERROR [pool-1-thread-1] o.l.l.g.j.SaveCharaTimes - online  : 0
2019-十二月-19 13:28:06.949 ERROR [pool-1-thread-1] o.l.l.g.j.SaveCharaTimes - online  : 0
2019-十二月-19 13:28:16.952 ERROR [pool-1-thread-1] o.l.l.g.j.SaveCharaTimes - online  : 0
2019-十二月-19 13:28:26.954 ERROR [pool-1-thread-1] o.l.l.g.j.SaveCharaTimes - online  : 0
2019-十二月-19 13:28:36.955 ERROR [pool-1-thread-1] o.l.l.g.j.SaveCharaTimes - online  : 0
2019-十二月-19 13:28:46.955 ERROR [pool-1-thread-1] o.l.l.g.j.SaveCharaTimes - online  : 0
2019-十二月-19 13:28:56.958 ERROR [pool-1-thread-1] o.l.l.g.j.SaveCharaTimes - online  : 0
2019-十二月-19 13:29:06.959 ERROR [pool-1-thread-1] o.l.l.g.j.SaveCharaTimes - online  : 0
2019-十二月-19 13:29:16.961 ERROR [pool-1-thread-1] o.l.l.g.j.SaveCharaTimes - online  : 0
2019-十二月-19 13:29:26.961 ERROR [pool-1-thread-1] o.l.l.g.j.SaveCharaTimes - online  : 0
2019-十二月-19 13:29:36.963 ERROR [pool-1-thread-1] o.l.l.g.j.SaveCharaTimes - online  : 0
2019-十二月-19 13:29:46.963 ERROR [pool-1-thread-1] o.l.l.g.j.SaveCharaTimes - online  : 0
2019-十二月-19 13:29:56.964 ERROR [pool-1-thread-1] o.l.l.g.j.SaveCharaTimes - online  : 0
2019-十二月-19 13:30:06.966 ERROR [pool-1-thread-1] o.l.l.g.j.SaveCharaTimes - online  : 0
2019-十二月-19 13:30:16.966 ERROR [pool-1-thread-1] o.l.l.g.j.SaveCharaTimes - online  : 0
2019-十二月-19 13:30:26.969 ERROR [pool-1-thread-1] o.l.l.g.j.SaveCharaTimes - online  : 0
2019-十二月-19 13:30:36.969 ERROR [pool-1-thread-1] o.l.l.g.j.SaveCharaTimes - online  : 0
2019-十二月-19 13:30:46.970 ERROR [pool-1-thread-1] o.l.l.g.j.SaveCharaTimes - online  : 0
2019-十二月-19 13:30:56.972 ERROR [pool-1-thread-1] o.l.l.g.j.SaveCharaTimes - online  : 0
2019-十二月-19 13:31:06.974 ERROR [pool-1-thread-1] o.l.l.g.j.SaveCharaTimes - online  : 0
